[debug] [2026-03-06T10:46:27.067Z] ----------------------------------------------------------------------
[debug] [2026-03-06T10:46:27.068Z] Command:       /usr/local/bin/firebase /Users/shamrai/.cache/firebase/tools/lib/node_modules/firebase-tools/lib/bin/firebase apps:list --project private-sambad
[debug] [2026-03-06T10:46:27.068Z] CLI Version:   13.29.0
[debug] [2026-03-06T10:46:27.068Z] Platform:      darwin
[debug] [2026-03-06T10:46:27.068Z] Node Version:  v18.5.0
[debug] [2026-03-06T10:46:27.069Z] Time:          Fri Mar 06 2026 16:16:27 GMT+0530 (India Standard Time)
[debug] [2026-03-06T10:46:27.069Z] ----------------------------------------------------------------------
[debug] 
[debug] [2026-03-06T10:46:27.074Z] >>> [apiv2][query] GET https://firebase-public.firebaseio.com/cli.json [none]
[debug] [2026-03-06T10:46:27.100Z] > command requires scopes: ["email","openid","https://www.googleapis.com/auth/cloudplatformprojects.readonly","https://www.googleapis.com/auth/firebase","https://www.googleapis.com/auth/cloud-platform"]
[debug] [2026-03-06T10:46:27.101Z] > authorizing via signed-in user (uponly.in@gmail.com)
[debug] [2026-03-06T10:46:27.106Z] Checked if tokens are valid: false, expires at: 1736237318335
[debug] [2026-03-06T10:46:27.107Z] Checked if tokens are valid: false, expires at: 1736237318335
[debug] [2026-03-06T10:46:27.107Z] > refreshing access token with scopes: []
[debug] [2026-03-06T10:46:27.108Z] >>> [apiv2][query] POST https://www.googleapis.com/oauth2/v3/token [none]
[debug] [2026-03-06T10:46:27.110Z] >>> [apiv2][body] POST https://www.googleapis.com/oauth2/v3/token [omitted]
[debug] [2026-03-06T10:46:27.273Z] <<< [apiv2][status] POST https://www.googleapis.com/oauth2/v3/token 400
[debug] [2026-03-06T10:46:27.275Z] <<< [apiv2][body] POST https://www.googleapis.com/oauth2/v3/token [omitted]
[debug] [2026-03-06T10:46:27.276Z] >>> [apiv2][query] GET https://firebase.googleapis.com/v1beta1/projects/private-sambad:searchApps pageSize=100
[debug] [2026-03-06T10:46:27.494Z] <<< [apiv2][status] GET https://firebase.googleapis.com/v1beta1/projects/private-sambad:searchApps 401
[debug] [2026-03-06T10:46:27.496Z] <<< [apiv2][body] GET https://firebase.googleapis.com/v1beta1/projects/private-sambad:searchApps {"error":{"code":401,"message":"Request had invalid authentication credentials. Expected OAuth 2 access token, login cookie or other valid authentication credential. See https://developers.google.com/identity/sign-in/web/devconsole-project.","status":"UNAUTHENTICATED"}}
[debug] [2026-03-06T10:46:27.496Z] Got a 401 Unauthenticated error for a call that required authentication. Refreshing tokens.
[debug] [2026-03-06T10:46:27.496Z] Checked if tokens are valid: false, expires at: 1736237318335
[debug] [2026-03-06T10:46:27.496Z] Checked if tokens are valid: false, expires at: 1736237318335
[debug] [2026-03-06T10:46:27.496Z] > refreshing access token with scopes: []
[debug] [2026-03-06T10:46:27.497Z] >>> [apiv2][query] POST https://www.googleapis.com/oauth2/v3/token [none]
[debug] [2026-03-06T10:46:27.497Z] >>> [apiv2][body] POST https://www.googleapis.com/oauth2/v3/token [omitted]
[debug] [2026-03-06T10:46:27.612Z] <<< [apiv2][status] POST https://www.googleapis.com/oauth2/v3/token 400
[debug] [2026-03-06T10:46:27.612Z] <<< [apiv2][body] POST https://www.googleapis.com/oauth2/v3/token [omitted]
[debug] [2026-03-06T10:46:27.614Z] Request to https://firebase.googleapis.com/v1beta1/projects/private-sambad:searchApps?pageSize=100 had HTTP Error: 401, Request had invalid authentication credentials. Expected OAuth 2 access token, login cookie or other valid authentication credential. See https://developers.google.com/identity/sign-in/web/devconsole-project.
[debug] [2026-03-06T10:46:27.735Z] FirebaseError: Request to https://firebase.googleapis.com/v1beta1/projects/private-sambad:searchApps?pageSize=100 had HTTP Error: 401, Request had invalid authentication credentials. Expected OAuth 2 access token, login cookie or other valid authentication credential. See https://developers.google.com/identity/sign-in/web/devconsole-project.
    at responseToError (/Users/shamrai/.cache/firebase/tools/lib/node_modules/firebase-tools/lib/responseToError.js:52:12)
    at RetryOperation._fn (/Users/shamrai/.cache/firebase/tools/lib/node_modules/firebase-tools/lib/apiv2.js:312:77)
    at process.processTicksAndRejections (node:internal/process/task_queues:95:5)
[error] 
[error] Error: Failed to list Firebase apps. See firebase-debug.log for more info.
