Flutter crash report.
Please report a bug at https://github.com/flutter/flutter/issues.

## command

flutter run -d chrome

## exception

_Exception: Exception: Source directory "/Users/shamrai/Desktop/sambad/sambad_admin/frontend/.dart_tool/chrome-device/Default/optimization_guide_hint_cache_store" does not exist, nothing to copy

```
#0      copyDirectory (package:flutter_tools/src/base/file_system.dart:138:5)
#1      copyDirectory (package:flutter_tools/src/base/file_system.dart:161:7)
#2      ChromiumLauncher._restoreUserSessionInformation (package:flutter_tools/src/web/chrome.dart:449:9)
#3      ChromiumLauncher.launch (package:flutter_tools/src/web/chrome.dart:222:7)
#4      ChromiumDevice.startApp (package:flutter_tools/src/web/web_device.dart:140:38)
#5      ResidentWebRunner.run.<anonymous closure> (package:flutter_tools/src/isolated/resident_web_runner.dart:359:38)
<asynchronous suspension>
#6      asyncGuard.<anonymous closure> (package:flutter_tools/src/base/async_guard.dart:108:24)
<asynchronous suspension>
```

## flutter doctor

```
[✓] Flutter (Channel stable, 3.38.5, on macOS 26.1 25B78 darwin-arm64, locale en-IN) [368ms]
    • Flutter version 3.38.5 on channel stable at /opt/homebrew/share/flutter
    • Upstream repository https://github.com/flutter/flutter.git
    • Framework revision f6ff1529fd (5 weeks ago), 2025-12-11 11:50:07 -0500
    • Engine revision 1527ae0ec5
    • Dart version 3.10.4
    • DevTools version 2.51.1
    • Feature flags: enable-web, enable-linux-desktop, enable-macos-desktop, enable-windows-desktop, enable-android, enable-ios, cli-animations, enable-native-assets, omit-legacy-version-file, enable-lldb-debugging

[!] Android toolchain - develop for Android devices (Android SDK version 36.1.0) [3.3s]
    • Android SDK at /Users/shamrai/Library/Android/sdk
    • Emulator version 36.3.10.0 (build_id 14472402) (CL:N/A)
    • Platform android-36, build-tools 36.1.0
    • Java binary at: /Applications/Android Studio.app/Contents/jbr/Contents/Home/bin/java
      This is the JDK bundled with the latest Android Studio installation on this machine.
      To manually set the JDK path, use: `flutter config --jdk-dir="path/to/jdk"`.
    • Java version OpenJDK Runtime Environment (build 21.0.8+-14196175-b1038.72)
    ! Some Android licenses not accepted. To resolve this, run: flutter doctor --android-licenses

[✓] Xcode - develop for iOS and macOS (Xcode 26.2) [2.1s]
    • Xcode at /Applications/Xcode.app/Contents/Developer
    • Build 17C52
    • CocoaPods version 1.16.2

[✓] Chrome - develop for the web [7ms]
    • Chrome at /Applications/Google Chrome.app/Contents/MacOS/Google Chrome

[✓] Connected device (3 available) [18.3s]
    • sdk gphone64 arm64 (mobile) • emulator-5554 • android-arm64  • Android 16 (API 36) (emulator)
    • macOS (desktop)             • macos         • darwin-arm64   • macOS 26.1 25B78 darwin-arm64
    • Chrome (web)                • chrome        • web-javascript • Google Chrome 143.0.7499.193
    ! Error: Browsing on the local area network for iPhone. Ensure the device is unlocked and attached with a cable or associated with the same local area network as this Mac.
      The device must be opted into Developer Mode to connect wirelessly. (code -27)

[✓] Network resources [633ms]
    • All expected network resources are available.

! Doctor found issues in 1 category.
```
